2025-10-15 02:02:54 INFO  [] [] Starting PrjmlkApplication using Java 17.0.12 with PID 6904 (E:\ProjectSPB\demo\out\production\classes started by Acer in E:\ProjectSPB\demo)
2025-10-15 02:02:54 INFO  [] [] No active profile set, falling back to 1 default profile: "default"
2025-10-15 02:02:54 INFO  [] [] Multiple Spring Data modules found, entering strict repository configuration mode
2025-10-15 02:02:54 INFO  [] [] Bootstrapping Spring Data JPA repositories in DEFAULT mode.
2025-10-15 02:02:54 INFO  [] [] Finished Spring Data repository scanning in 147 ms. Found 13 JPA repository interfaces.
2025-10-15 02:02:54 INFO  [] [] Multiple Spring Data modules found, entering strict repository configuration mode
2025-10-15 02:02:54 INFO  [] [] Bootstrapping Spring Data Redis repositories in DEFAULT mode.
2025-10-15 02:02:54 INFO  [] [] Spring Data Redis - Could not safely identify store assignment for repository candidate interface com.example.demo.repo.AccountRepo; If you want this repository to be a Redis repository, consider annotating your entities with one of these annotations: org.springframework.data.redis.core.RedisHash (preferred), or consider extending one of the following types with your repository: org.springframework.data.keyvalue.repository.KeyValueRepository
2025-10-15 02:02:54 INFO  [] [] Spring Data Redis - Could not safely identify store assignment for repository candidate interface com.example.demo.repo.BrandRepo; If you want this repository to be a Redis repository, consider annotating your entities with one of these annotations: org.springframework.data.redis.core.RedisHash (preferred), or consider extending one of the following types with your repository: org.springframework.data.keyvalue.repository.KeyValueRepository
2025-10-15 02:02:54 INFO  [] [] Spring Data Redis - Could not safely identify store assignment for repository candidate interface com.example.demo.repo.CategoryRepo; If you want this repository to be a Redis repository, consider annotating your entities with one of these annotations: org.springframework.data.redis.core.RedisHash (preferred), or consider extending one of the following types with your repository: org.springframework.data.keyvalue.repository.KeyValueRepository
2025-10-15 02:02:54 INFO  [] [] Spring Data Redis - Could not safely identify store assignment for repository candidate interface com.example.demo.repo.CustomerRepo; If you want this repository to be a Redis repository, consider annotating your entities with one of these annotations: org.springframework.data.redis.core.RedisHash (preferred), or consider extending one of the following types with your repository: org.springframework.data.keyvalue.repository.KeyValueRepository
2025-10-15 02:02:54 INFO  [] [] Spring Data Redis - Could not safely identify store assignment for repository candidate interface com.example.demo.repo.DistributorRepo; If you want this repository to be a Redis repository, consider annotating your entities with one of these annotations: org.springframework.data.redis.core.RedisHash (preferred), or consider extending one of the following types with your repository: org.springframework.data.keyvalue.repository.KeyValueRepository
2025-10-15 02:02:54 INFO  [] [] Spring Data Redis - Could not safely identify store assignment for repository candidate interface com.example.demo.repo.ImageRepo; If you want this repository to be a Redis repository, consider annotating your entities with one of these annotations: org.springframework.data.redis.core.RedisHash (preferred), or consider extending one of the following types with your repository: org.springframework.data.keyvalue.repository.KeyValueRepository
2025-10-15 02:02:54 INFO  [] [] Spring Data Redis - Could not safely identify store assignment for repository candidate interface com.example.demo.repo.Import_DetailRepo; If you want this repository to be a Redis repository, consider annotating your entities with one of these annotations: org.springframework.data.redis.core.RedisHash (preferred), or consider extending one of the following types with your repository: org.springframework.data.keyvalue.repository.KeyValueRepository
2025-10-15 02:02:54 INFO  [] [] Spring Data Redis - Could not safely identify store assignment for repository candidate interface com.example.demo.repo.Import_InvoiceRepo; If you want this repository to be a Redis repository, consider annotating your entities with one of these annotations: org.springframework.data.redis.core.RedisHash (preferred), or consider extending one of the following types with your repository: org.springframework.data.keyvalue.repository.KeyValueRepository
2025-10-15 02:02:54 INFO  [] [] Spring Data Redis - Could not safely identify store assignment for repository candidate interface com.example.demo.repo.InventoryRepo; If you want this repository to be a Redis repository, consider annotating your entities with one of these annotations: org.springframework.data.redis.core.RedisHash (preferred), or consider extending one of the following types with your repository: org.springframework.data.keyvalue.repository.KeyValueRepository
2025-10-15 02:02:54 INFO  [] [] Spring Data Redis - Could not safely identify store assignment for repository candidate interface com.example.demo.repo.ProductRepo; If you want this repository to be a Redis repository, consider annotating your entities with one of these annotations: org.springframework.data.redis.core.RedisHash (preferred), or consider extending one of the following types with your repository: org.springframework.data.keyvalue.repository.KeyValueRepository
2025-10-15 02:02:54 INFO  [] [] Spring Data Redis - Could not safely identify store assignment for repository candidate interface com.example.demo.repo.PromotionRepo; If you want this repository to be a Redis repository, consider annotating your entities with one of these annotations: org.springframework.data.redis.core.RedisHash (preferred), or consider extending one of the following types with your repository: org.springframework.data.keyvalue.repository.KeyValueRepository
2025-10-15 02:02:54 INFO  [] [] Spring Data Redis - Could not safely identify store assignment for repository candidate interface com.example.demo.repo.Sale_DetailRepo; If you want this repository to be a Redis repository, consider annotating your entities with one of these annotations: org.springframework.data.redis.core.RedisHash (preferred), or consider extending one of the following types with your repository: org.springframework.data.keyvalue.repository.KeyValueRepository
2025-10-15 02:02:54 INFO  [] [] Spring Data Redis - Could not safely identify store assignment for repository candidate interface com.example.demo.repo.Sale_InvoiceRepo; If you want this repository to be a Redis repository, consider annotating your entities with one of these annotations: org.springframework.data.redis.core.RedisHash (preferred), or consider extending one of the following types with your repository: org.springframework.data.keyvalue.repository.KeyValueRepository
2025-10-15 02:02:54 INFO  [] [] Finished Spring Data repository scanning in 12 ms. Found 0 Redis repository interfaces.
2025-10-15 02:02:55 INFO  [] [] Tomcat initialized with port 8080 (http)
2025-10-15 02:02:55 INFO  [] [] Starting service [Tomcat]
2025-10-15 02:02:55 INFO  [] [] Starting Servlet engine: [Apache Tomcat/10.1.44]
2025-10-15 02:02:55 INFO  [] [] Initializing Spring embedded WebApplicationContext
2025-10-15 02:02:55 INFO  [] [] Root WebApplicationContext: initialization completed in 1334 ms
2025-10-15 02:02:55 INFO  [] [] HHH000204: Processing PersistenceUnitInfo [name: default]
2025-10-15 02:02:55 INFO  [] [] HHH000412: Hibernate ORM core version 6.6.26.Final
2025-10-15 02:02:55 INFO  [] [] HHH000026: Second-level cache disabled
2025-10-15 02:02:55 INFO  [] [] No LoadTimeWeaver setup: ignoring JPA class transformer
2025-10-15 02:02:55 INFO  [] [] HikariPool-1 - Starting...
2025-10-15 02:02:56 INFO  [] [] HikariPool-1 - Added connection org.postgresql.jdbc.PgConnection@36e3321e
2025-10-15 02:02:56 INFO  [] [] HikariPool-1 - Start completed.
2025-10-15 02:02:56 INFO  [] [] HHH10001005: Database info:
	Database JDBC URL [Connecting through datasource 'HikariDataSource (HikariPool-1)']
	Database driver: undefined/unknown
	Database version: 15.14
	Autocommit mode: undefined/unknown
	Isolation level: undefined/unknown
	Minimum pool size: undefined/unknown
	Maximum pool size: undefined/unknown
2025-10-15 02:02:56 INFO  [] [] HHH000489: No JTA platform available (set 'hibernate.transaction.jta.platform' to enable JTA platform integration)
2025-10-15 02:02:56 INFO  [] [] Initialized JPA EntityManagerFactory for persistence unit 'default'
2025-10-15 02:02:57 INFO  [] [] Hibernate is in classpath; If applicable, HQL parser will be used.
2025-10-15 02:02:57 WARN  [] [] spring.jpa.open-in-view is enabled by default. Therefore, database queries may be performed during view rendering. Explicitly configure spring.jpa.open-in-view to disable this warning
2025-10-15 02:02:58 INFO  [] [] Tomcat started on port 8080 (http) with context path '/'
2025-10-15 02:02:58 INFO  [] [] Started PrjmlkApplication in 5.04 seconds (process running for 5.635)
2025-10-15 02:03:54 INFO  [] [] Initializing Spring DispatcherServlet 'dispatcherServlet'
2025-10-15 02:03:54 INFO  [] [] Initializing Servlet 'dispatcherServlet'
2025-10-15 02:03:54 INFO  [] [] Completed initialization in 1 ms
2025-10-15 02:03:54 INFO  [da9b5c38-572d-4b6b-98e0-e3d45c581ee3] [] Incoming request: method=GET, uri=/sale_detail, X-REQUEST-ID=da9b5c38-572d-4b6b-98e0-e3d45c581ee3, signature=null
2025-10-15 02:03:54 WARN  [da9b5c38-572d-4b6b-98e0-e3d45c581ee3] [] Resolved [org.springframework.web.HttpRequestMethodNotSupportedException: Request method 'GET' is not supported]
2025-10-15 02:03:54 INFO  [da9b5c38-572d-4b6b-98e0-e3d45c581ee3] [] Completed request: status=405, duration=15ms
2025-10-15 02:04:22 INFO  [934dc7b3-2927-40e2-9d45-24d2127413c0] [] Incoming request: method=GET, uri=/sale_detail/sale_invoice/1, X-REQUEST-ID=934dc7b3-2927-40e2-9d45-24d2127413c0, signature=null
2025-10-15 02:04:22 INFO  [934dc7b3-2927-40e2-9d45-24d2127413c0] [] Completed request: status=404, duration=8ms
2025-10-15 02:04:31 INFO  [63a3e3bd-28d9-4b76-a3a9-1b6ee655925c] [] Incoming request: method=GET, uri=/sale_detail/saleInvoice/1, X-REQUEST-ID=63a3e3bd-28d9-4b76-a3a9-1b6ee655925c, signature=null
2025-10-15 02:04:31 INFO  [63a3e3bd-28d9-4b76-a3a9-1b6ee655925c] [] Completed request: status=400, duration=21ms
2025-10-15 02:05:37 INFO  [] [] Commencing graceful shutdown. Waiting for active requests to complete
2025-10-15 02:05:37 INFO  [] [] Graceful shutdown complete
2025-10-15 02:05:37 INFO  [] [] Closing JPA EntityManagerFactory for persistence unit 'default'
2025-10-15 02:05:37 INFO  [] [] HikariPool-1 - Shutdown initiated...
2025-10-15 02:05:37 INFO  [] [] HikariPool-1 - Shutdown completed.
2025-10-15 02:05:41 INFO  [] [] Starting PrjmlkApplication using Java 17.0.12 with PID 3316 (E:\ProjectSPB\demo\out\production\classes started by Acer in E:\ProjectSPB\demo)
2025-10-15 02:05:41 INFO  [] [] No active profile set, falling back to 1 default profile: "default"
2025-10-15 02:05:42 INFO  [] [] Multiple Spring Data modules found, entering strict repository configuration mode
2025-10-15 02:05:42 INFO  [] [] Bootstrapping Spring Data JPA repositories in DEFAULT mode.
2025-10-15 02:05:42 INFO  [] [] Finished Spring Data repository scanning in 362 ms. Found 13 JPA repository interfaces.
2025-10-15 02:05:43 INFO  [] [] Multiple Spring Data modules found, entering strict repository configuration mode
2025-10-15 02:05:43 INFO  [] [] Bootstrapping Spring Data Redis repositories in DEFAULT mode.
2025-10-15 02:05:43 INFO  [] [] Spring Data Redis - Could not safely identify store assignment for repository candidate interface com.example.demo.repo.AccountRepo; If you want this repository to be a Redis repository, consider annotating your entities with one of these annotations: org.springframework.data.redis.core.RedisHash (preferred), or consider extending one of the following types with your repository: org.springframework.data.keyvalue.repository.KeyValueRepository
2025-10-15 02:05:43 INFO  [] [] Spring Data Redis - Could not safely identify store assignment for repository candidate interface com.example.demo.repo.BrandRepo; If you want this repository to be a Redis repository, consider annotating your entities with one of these annotations: org.springframework.data.redis.core.RedisHash (preferred), or consider extending one of the following types with your repository: org.springframework.data.keyvalue.repository.KeyValueRepository
2025-10-15 02:05:43 INFO  [] [] Spring Data Redis - Could not safely identify store assignment for repository candidate interface com.example.demo.repo.CategoryRepo; If you want this repository to be a Redis repository, consider annotating your entities with one of these annotations: org.springframework.data.redis.core.RedisHash (preferred), or consider extending one of the following types with your repository: org.springframework.data.keyvalue.repository.KeyValueRepository
2025-10-15 02:05:43 INFO  [] [] Spring Data Redis - Could not safely identify store assignment for repository candidate interface com.example.demo.repo.CustomerRepo; If you want this repository to be a Redis repository, consider annotating your entities with one of these annotations: org.springframework.data.redis.core.RedisHash (preferred), or consider extending one of the following types with your repository: org.springframework.data.keyvalue.repository.KeyValueRepository
2025-10-15 02:05:43 INFO  [] [] Spring Data Redis - Could not safely identify store assignment for repository candidate interface com.example.demo.repo.DistributorRepo; If you want this repository to be a Redis repository, consider annotating your entities with one of these annotations: org.springframework.data.redis.core.RedisHash (preferred), or consider extending one of the following types with your repository: org.springframework.data.keyvalue.repository.KeyValueRepository
2025-10-15 02:05:43 INFO  [] [] Spring Data Redis - Could not safely identify store assignment for repository candidate interface com.example.demo.repo.ImageRepo; If you want this repository to be a Redis repository, consider annotating your entities with one of these annotations: org.springframework.data.redis.core.RedisHash (preferred), or consider extending one of the following types with your repository: org.springframework.data.keyvalue.repository.KeyValueRepository
2025-10-15 02:05:43 INFO  [] [] Spring Data Redis - Could not safely identify store assignment for repository candidate interface com.example.demo.repo.Import_DetailRepo; If you want this repository to be a Redis repository, consider annotating your entities with one of these annotations: org.springframework.data.redis.core.RedisHash (preferred), or consider extending one of the following types with your repository: org.springframework.data.keyvalue.repository.KeyValueRepository
2025-10-15 02:05:43 INFO  [] [] Spring Data Redis - Could not safely identify store assignment for repository candidate interface com.example.demo.repo.Import_InvoiceRepo; If you want this repository to be a Redis repository, consider annotating your entities with one of these annotations: org.springframework.data.redis.core.RedisHash (preferred), or consider extending one of the following types with your repository: org.springframework.data.keyvalue.repository.KeyValueRepository
2025-10-15 02:05:43 INFO  [] [] Spring Data Redis - Could not safely identify store assignment for repository candidate interface com.example.demo.repo.InventoryRepo; If you want this repository to be a Redis repository, consider annotating your entities with one of these annotations: org.springframework.data.redis.core.RedisHash (preferred), or consider extending one of the following types with your repository: org.springframework.data.keyvalue.repository.KeyValueRepository
2025-10-15 02:05:43 INFO  [] [] Spring Data Redis - Could not safely identify store assignment for repository candidate interface com.example.demo.repo.ProductRepo; If you want this repository to be a Redis repository, consider annotating your entities with one of these annotations: org.springframework.data.redis.core.RedisHash (preferred), or consider extending one of the following types with your repository: org.springframework.data.keyvalue.repository.KeyValueRepository
2025-10-15 02:05:43 INFO  [] [] Spring Data Redis - Could not safely identify store assignment for repository candidate interface com.example.demo.repo.PromotionRepo; If you want this repository to be a Redis repository, consider annotating your entities with one of these annotations: org.springframework.data.redis.core.RedisHash (preferred), or consider extending one of the following types with your repository: org.springframework.data.keyvalue.repository.KeyValueRepository
2025-10-15 02:05:43 INFO  [] [] Spring Data Redis - Could not safely identify store assignment for repository candidate interface com.example.demo.repo.Sale_DetailRepo; If you want this repository to be a Redis repository, consider annotating your entities with one of these annotations: org.springframework.data.redis.core.RedisHash (preferred), or consider extending one of the following types with your repository: org.springframework.data.keyvalue.repository.KeyValueRepository
2025-10-15 02:05:43 INFO  [] [] Spring Data Redis - Could not safely identify store assignment for repository candidate interface com.example.demo.repo.Sale_InvoiceRepo; If you want this repository to be a Redis repository, consider annotating your entities with one of these annotations: org.springframework.data.redis.core.RedisHash (preferred), or consider extending one of the following types with your repository: org.springframework.data.keyvalue.repository.KeyValueRepository
2025-10-15 02:05:43 INFO  [] [] Finished Spring Data repository scanning in 47 ms. Found 0 Redis repository interfaces.
2025-10-15 02:05:44 INFO  [] [] Tomcat initialized with port 8080 (http)
2025-10-15 02:05:44 INFO  [] [] Starting service [Tomcat]
2025-10-15 02:05:44 INFO  [] [] Starting Servlet engine: [Apache Tomcat/10.1.44]
2025-10-15 02:05:44 INFO  [] [] Initializing Spring embedded WebApplicationContext
2025-10-15 02:05:44 INFO  [] [] Root WebApplicationContext: initialization completed in 2929 ms
2025-10-15 02:05:44 INFO  [] [] HHH000204: Processing PersistenceUnitInfo [name: default]
2025-10-15 02:05:44 INFO  [] [] HHH000412: Hibernate ORM core version 6.6.26.Final
2025-10-15 02:05:44 INFO  [] [] HHH000026: Second-level cache disabled
2025-10-15 02:05:45 INFO  [] [] No LoadTimeWeaver setup: ignoring JPA class transformer
2025-10-15 02:05:45 INFO  [] [] HikariPool-1 - Starting...
2025-10-15 02:05:45 INFO  [] [] HikariPool-1 - Added connection org.postgresql.jdbc.PgConnection@2d73767e
2025-10-15 02:05:45 INFO  [] [] HikariPool-1 - Start completed.
2025-10-15 02:05:45 INFO  [] [] HHH10001005: Database info:
	Database JDBC URL [Connecting through datasource 'HikariDataSource (HikariPool-1)']
	Database driver: undefined/unknown
	Database version: 15.14
	Autocommit mode: undefined/unknown
	Isolation level: undefined/unknown
	Minimum pool size: undefined/unknown
	Maximum pool size: undefined/unknown
2025-10-15 02:05:47 INFO  [] [] HHH000489: No JTA platform available (set 'hibernate.transaction.jta.platform' to enable JTA platform integration)
2025-10-15 02:05:47 INFO  [] [] Initialized JPA EntityManagerFactory for persistence unit 'default'
2025-10-15 02:05:48 INFO  [] [] Hibernate is in classpath; If applicable, HQL parser will be used.
2025-10-15 02:05:49 WARN  [] [] spring.jpa.open-in-view is enabled by default. Therefore, database queries may be performed during view rendering. Explicitly configure spring.jpa.open-in-view to disable this warning
2025-10-15 02:05:49 INFO  [] [] Tomcat started on port 8080 (http) with context path '/'
2025-10-15 02:05:49 INFO  [] [] Started PrjmlkApplication in 8.924 seconds (process running for 9.625)
2025-10-15 02:05:53 INFO  [] [] Initializing Spring DispatcherServlet 'dispatcherServlet'
2025-10-15 02:05:53 INFO  [] [] Initializing Servlet 'dispatcherServlet'
2025-10-15 02:05:53 INFO  [] [] Completed initialization in 2 ms
2025-10-15 02:05:53 INFO  [081aadef-f2e5-446f-bec9-264c856b08bf] [] Incoming request: method=GET, uri=/sale_detail/saleInvoice/1, X-REQUEST-ID=081aadef-f2e5-446f-bec9-264c856b08bf, signature=null
2025-10-15 02:05:54 INFO  [081aadef-f2e5-446f-bec9-264c856b08bf] [] Completed request: status=200, duration=696ms
2025-10-15 02:06:41 INFO  [e2ee9fcb-b902-46f0-8a2d-8aa72d993c04] [] Incoming request: method=POST, uri=/sale_detail, X-REQUEST-ID=e2ee9fcb-b902-46f0-8a2d-8aa72d993c04, signature=null
2025-10-15 02:06:41 INFO  [e2ee9fcb-b902-46f0-8a2d-8aa72d993c04] [] Completed request: status=400, duration=45ms
2025-10-15 02:07:09 INFO  [] [] Commencing graceful shutdown. Waiting for active requests to complete
2025-10-15 02:07:09 INFO  [] [] Graceful shutdown complete
2025-10-15 02:07:09 INFO  [] [] Closing JPA EntityManagerFactory for persistence unit 'default'
2025-10-15 02:07:09 INFO  [] [] HikariPool-1 - Shutdown initiated...
2025-10-15 02:07:09 INFO  [] [] HikariPool-1 - Shutdown completed.
2025-10-15 02:07:13 INFO  [] [] Starting PrjmlkApplication using Java 17.0.12 with PID 22376 (E:\ProjectSPB\demo\out\production\classes started by Acer in E:\ProjectSPB\demo)
2025-10-15 02:07:13 INFO  [] [] No active profile set, falling back to 1 default profile: "default"
2025-10-15 02:07:13 INFO  [] [] Multiple Spring Data modules found, entering strict repository configuration mode
2025-10-15 02:07:13 INFO  [] [] Bootstrapping Spring Data JPA repositories in DEFAULT mode.
2025-10-15 02:07:13 INFO  [] [] Finished Spring Data repository scanning in 107 ms. Found 13 JPA repository interfaces.
2025-10-15 02:07:13 INFO  [] [] Multiple Spring Data modules found, entering strict repository configuration mode
2025-10-15 02:07:13 INFO  [] [] Bootstrapping Spring Data Redis repositories in DEFAULT mode.
2025-10-15 02:07:13 INFO  [] [] Spring Data Redis - Could not safely identify store assignment for repository candidate interface com.example.demo.repo.AccountRepo; If you want this repository to be a Redis repository, consider annotating your entities with one of these annotations: org.springframework.data.redis.core.RedisHash (preferred), or consider extending one of the following types with your repository: org.springframework.data.keyvalue.repository.KeyValueRepository
2025-10-15 02:07:13 INFO  [] [] Spring Data Redis - Could not safely identify store assignment for repository candidate interface com.example.demo.repo.BrandRepo; If you want this repository to be a Redis repository, consider annotating your entities with one of these annotations: org.springframework.data.redis.core.RedisHash (preferred), or consider extending one of the following types with your repository: org.springframework.data.keyvalue.repository.KeyValueRepository
2025-10-15 02:07:13 INFO  [] [] Spring Data Redis - Could not safely identify store assignment for repository candidate interface com.example.demo.repo.CategoryRepo; If you want this repository to be a Redis repository, consider annotating your entities with one of these annotations: org.springframework.data.redis.core.RedisHash (preferred), or consider extending one of the following types with your repository: org.springframework.data.keyvalue.repository.KeyValueRepository
2025-10-15 02:07:13 INFO  [] [] Spring Data Redis - Could not safely identify store assignment for repository candidate interface com.example.demo.repo.CustomerRepo; If you want this repository to be a Redis repository, consider annotating your entities with one of these annotations: org.springframework.data.redis.core.RedisHash (preferred), or consider extending one of the following types with your repository: org.springframework.data.keyvalue.repository.KeyValueRepository
2025-10-15 02:07:13 INFO  [] [] Spring Data Redis - Could not safely identify store assignment for repository candidate interface com.example.demo.repo.DistributorRepo; If you want this repository to be a Redis repository, consider annotating your entities with one of these annotations: org.springframework.data.redis.core.RedisHash (preferred), or consider extending one of the following types with your repository: org.springframework.data.keyvalue.repository.KeyValueRepository
2025-10-15 02:07:13 INFO  [] [] Spring Data Redis - Could not safely identify store assignment for repository candidate interface com.example.demo.repo.ImageRepo; If you want this repository to be a Redis repository, consider annotating your entities with one of these annotations: org.springframework.data.redis.core.RedisHash (preferred), or consider extending one of the following types with your repository: org.springframework.data.keyvalue.repository.KeyValueRepository
2025-10-15 02:07:13 INFO  [] [] Spring Data Redis - Could not safely identify store assignment for repository candidate interface com.example.demo.repo.Import_DetailRepo; If you want this repository to be a Redis repository, consider annotating your entities with one of these annotations: org.springframework.data.redis.core.RedisHash (preferred), or consider extending one of the following types with your repository: org.springframework.data.keyvalue.repository.KeyValueRepository
2025-10-15 02:07:13 INFO  [] [] Spring Data Redis - Could not safely identify store assignment for repository candidate interface com.example.demo.repo.Import_InvoiceRepo; If you want this repository to be a Redis repository, consider annotating your entities with one of these annotations: org.springframework.data.redis.core.RedisHash (preferred), or consider extending one of the following types with your repository: org.springframework.data.keyvalue.repository.KeyValueRepository
2025-10-15 02:07:13 INFO  [] [] Spring Data Redis - Could not safely identify store assignment for repository candidate interface com.example.demo.repo.InventoryRepo; If you want this repository to be a Redis repository, consider annotating your entities with one of these annotations: org.springframework.data.redis.core.RedisHash (preferred), or consider extending one of the following types with your repository: org.springframework.data.keyvalue.repository.KeyValueRepository
2025-10-15 02:07:13 INFO  [] [] Spring Data Redis - Could not safely identify store assignment for repository candidate interface com.example.demo.repo.ProductRepo; If you want this repository to be a Redis repository, consider annotating your entities with one of these annotations: org.springframework.data.redis.core.RedisHash (preferred), or consider extending one of the following types with your repository: org.springframework.data.keyvalue.repository.KeyValueRepository
2025-10-15 02:07:13 INFO  [] [] Spring Data Redis - Could not safely identify store assignment for repository candidate interface com.example.demo.repo.PromotionRepo; If you want this repository to be a Redis repository, consider annotating your entities with one of these annotations: org.springframework.data.redis.core.RedisHash (preferred), or consider extending one of the following types with your repository: org.springframework.data.keyvalue.repository.KeyValueRepository
2025-10-15 02:07:13 INFO  [] [] Spring Data Redis - Could not safely identify store assignment for repository candidate interface com.example.demo.repo.Sale_DetailRepo; If you want this repository to be a Redis repository, consider annotating your entities with one of these annotations: org.springframework.data.redis.core.RedisHash (preferred), or consider extending one of the following types with your repository: org.springframework.data.keyvalue.repository.KeyValueRepository
2025-10-15 02:07:13 INFO  [] [] Spring Data Redis - Could not safely identify store assignment for repository candidate interface com.example.demo.repo.Sale_InvoiceRepo; If you want this repository to be a Redis repository, consider annotating your entities with one of these annotations: org.springframework.data.redis.core.RedisHash (preferred), or consider extending one of the following types with your repository: org.springframework.data.keyvalue.repository.KeyValueRepository
2025-10-15 02:07:13 INFO  [] [] Finished Spring Data repository scanning in 20 ms. Found 0 Redis repository interfaces.
2025-10-15 02:07:14 INFO  [] [] Tomcat initialized with port 8080 (http)
2025-10-15 02:07:14 INFO  [] [] Starting service [Tomcat]
2025-10-15 02:07:14 INFO  [] [] Starting Servlet engine: [Apache Tomcat/10.1.44]
2025-10-15 02:07:14 INFO  [] [] Initializing Spring embedded WebApplicationContext
2025-10-15 02:07:14 INFO  [] [] Root WebApplicationContext: initialization completed in 1385 ms
2025-10-15 02:07:14 INFO  [] [] HHH000204: Processing PersistenceUnitInfo [name: default]
2025-10-15 02:07:14 INFO  [] [] HHH000412: Hibernate ORM core version 6.6.26.Final
2025-10-15 02:07:14 INFO  [] [] HHH000026: Second-level cache disabled
2025-10-15 02:07:15 INFO  [] [] No LoadTimeWeaver setup: ignoring JPA class transformer
2025-10-15 02:07:15 INFO  [] [] HikariPool-1 - Starting...
2025-10-15 02:07:15 INFO  [] [] HikariPool-1 - Added connection org.postgresql.jdbc.PgConnection@5e6522a6
2025-10-15 02:07:15 INFO  [] [] HikariPool-1 - Start completed.
2025-10-15 02:07:15 INFO  [] [] HHH10001005: Database info:
	Database JDBC URL [Connecting through datasource 'HikariDataSource (HikariPool-1)']
	Database driver: undefined/unknown
	Database version: 15.14
	Autocommit mode: undefined/unknown
	Isolation level: undefined/unknown
	Minimum pool size: undefined/unknown
	Maximum pool size: undefined/unknown
2025-10-15 02:07:16 INFO  [] [] HHH000489: No JTA platform available (set 'hibernate.transaction.jta.platform' to enable JTA platform integration)
2025-10-15 02:07:16 INFO  [] [] Initialized JPA EntityManagerFactory for persistence unit 'default'
2025-10-15 02:07:17 INFO  [] [] Hibernate is in classpath; If applicable, HQL parser will be used.
2025-10-15 02:07:18 WARN  [] [] spring.jpa.open-in-view is enabled by default. Therefore, database queries may be performed during view rendering. Explicitly configure spring.jpa.open-in-view to disable this warning
2025-10-15 02:07:19 INFO  [] [] Tomcat started on port 8080 (http) with context path '/'
2025-10-15 02:07:19 INFO  [] [] Started PrjmlkApplication in 6.767 seconds (process running for 7.212)
2025-10-15 02:07:40 INFO  [] [] Initializing Spring DispatcherServlet 'dispatcherServlet'
2025-10-15 02:07:40 INFO  [] [] Initializing Servlet 'dispatcherServlet'
2025-10-15 02:07:40 INFO  [] [] Completed initialization in 5 ms
2025-10-15 02:07:40 INFO  [d25a7b65-a372-43a0-ae6a-31282894de16] [] Incoming request: method=POST, uri=/sale_detail, X-REQUEST-ID=d25a7b65-a372-43a0-ae6a-31282894de16, signature=null
2025-10-15 02:07:41 INFO  [d25a7b65-a372-43a0-ae6a-31282894de16] [] Completed request: status=400, duration=680ms
2025-10-15 02:07:50 INFO  [f1ca88ad-cd19-4c05-b168-2abc47a2933b] [] Incoming request: method=POST, uri=/sale_detail, X-REQUEST-ID=f1ca88ad-cd19-4c05-b168-2abc47a2933b, signature=null
2025-10-15 02:07:51 WARN  [f1ca88ad-cd19-4c05-b168-2abc47a2933b] [] SQL Error: 0, SQLState: 23514
2025-10-15 02:07:51 ERROR [f1ca88ad-cd19-4c05-b168-2abc47a2933b] [] ERROR: new row for relation "inventory_history" violates check constraint "inventory_history_reason_check"
  Detail: Failing row contains (1, 22, -10, 2025-10-14 00:00:00, Sale Product).
2025-10-15 02:07:51 INFO  [f1ca88ad-cd19-4c05-b168-2abc47a2933b] [] Completed request: status=400, duration=553ms
2025-10-15 02:28:47 INFO  [] [] Commencing graceful shutdown. Waiting for active requests to complete
2025-10-15 02:28:47 INFO  [] [] Graceful shutdown complete
2025-10-15 02:28:47 INFO  [] [] Closing JPA EntityManagerFactory for persistence unit 'default'
2025-10-15 02:28:47 INFO  [] [] HikariPool-1 - Shutdown initiated...
2025-10-15 02:28:47 INFO  [] [] HikariPool-1 - Shutdown completed.
2025-10-15 02:28:50 INFO  [] [] Starting PrjmlkApplication using Java 17.0.12 with PID 12084 (E:\ProjectSPB\demo\out\production\classes started by Acer in E:\ProjectSPB\demo)
2025-10-15 02:28:50 INFO  [] [] No active profile set, falling back to 1 default profile: "default"
2025-10-15 02:28:51 INFO  [] [] Multiple Spring Data modules found, entering strict repository configuration mode
2025-10-15 02:28:51 INFO  [] [] Bootstrapping Spring Data JPA repositories in DEFAULT mode.
2025-10-15 02:28:51 INFO  [] [] Finished Spring Data repository scanning in 212 ms. Found 13 JPA repository interfaces.
2025-10-15 02:28:52 INFO  [] [] Multiple Spring Data modules found, entering strict repository configuration mode
2025-10-15 02:28:52 INFO  [] [] Bootstrapping Spring Data Redis repositories in DEFAULT mode.
2025-10-15 02:28:52 INFO  [] [] Spring Data Redis - Could not safely identify store assignment for repository candidate interface com.example.demo.repo.AccountRepo; If you want this repository to be a Redis repository, consider annotating your entities with one of these annotations: org.springframework.data.redis.core.RedisHash (preferred), or consider extending one of the following types with your repository: org.springframework.data.keyvalue.repository.KeyValueRepository
2025-10-15 02:28:52 INFO  [] [] Spring Data Redis - Could not safely identify store assignment for repository candidate interface com.example.demo.repo.BrandRepo; If you want this repository to be a Redis repository, consider annotating your entities with one of these annotations: org.springframework.data.redis.core.RedisHash (preferred), or consider extending one of the following types with your repository: org.springframework.data.keyvalue.repository.KeyValueRepository
2025-10-15 02:28:52 INFO  [] [] Spring Data Redis - Could not safely identify store assignment for repository candidate interface com.example.demo.repo.CategoryRepo; If you want this repository to be a Redis repository, consider annotating your entities with one of these annotations: org.springframework.data.redis.core.RedisHash (preferred), or consider extending one of the following types with your repository: org.springframework.data.keyvalue.repository.KeyValueRepository
2025-10-15 02:28:52 INFO  [] [] Spring Data Redis - Could not safely identify store assignment for repository candidate interface com.example.demo.repo.CustomerRepo; If you want this repository to be a Redis repository, consider annotating your entities with one of these annotations: org.springframework.data.redis.core.RedisHash (preferred), or consider extending one of the following types with your repository: org.springframework.data.keyvalue.repository.KeyValueRepository
2025-10-15 02:28:52 INFO  [] [] Spring Data Redis - Could not safely identify store assignment for repository candidate interface com.example.demo.repo.DistributorRepo; If you want this repository to be a Redis repository, consider annotating your entities with one of these annotations: org.springframework.data.redis.core.RedisHash (preferred), or consider extending one of the following types with your repository: org.springframework.data.keyvalue.repository.KeyValueRepository
2025-10-15 02:28:52 INFO  [] [] Spring Data Redis - Could not safely identify store assignment for repository candidate interface com.example.demo.repo.ImageRepo; If you want this repository to be a Redis repository, consider annotating your entities with one of these annotations: org.springframework.data.redis.core.RedisHash (preferred), or consider extending one of the following types with your repository: org.springframework.data.keyvalue.repository.KeyValueRepository
2025-10-15 02:28:52 INFO  [] [] Spring Data Redis - Could not safely identify store assignment for repository candidate interface com.example.demo.repo.Import_DetailRepo; If you want this repository to be a Redis repository, consider annotating your entities with one of these annotations: org.springframework.data.redis.core.RedisHash (preferred), or consider extending one of the following types with your repository: org.springframework.data.keyvalue.repository.KeyValueRepository
2025-10-15 02:28:52 INFO  [] [] Spring Data Redis - Could not safely identify store assignment for repository candidate interface com.example.demo.repo.Import_InvoiceRepo; If you want this repository to be a Redis repository, consider annotating your entities with one of these annotations: org.springframework.data.redis.core.RedisHash (preferred), or consider extending one of the following types with your repository: org.springframework.data.keyvalue.repository.KeyValueRepository
2025-10-15 02:28:52 INFO  [] [] Spring Data Redis - Could not safely identify store assignment for repository candidate interface com.example.demo.repo.InventoryRepo; If you want this repository to be a Redis repository, consider annotating your entities with one of these annotations: org.springframework.data.redis.core.RedisHash (preferred), or consider extending one of the following types with your repository: org.springframework.data.keyvalue.repository.KeyValueRepository
2025-10-15 02:28:52 INFO  [] [] Spring Data Redis - Could not safely identify store assignment for repository candidate interface com.example.demo.repo.ProductRepo; If you want this repository to be a Redis repository, consider annotating your entities with one of these annotations: org.springframework.data.redis.core.RedisHash (preferred), or consider extending one of the following types with your repository: org.springframework.data.keyvalue.repository.KeyValueRepository
2025-10-15 02:28:52 INFO  [] [] Spring Data Redis - Could not safely identify store assignment for repository candidate interface com.example.demo.repo.PromotionRepo; If you want this repository to be a Redis repository, consider annotating your entities with one of these annotations: org.springframework.data.redis.core.RedisHash (preferred), or consider extending one of the following types with your repository: org.springframework.data.keyvalue.repository.KeyValueRepository
2025-10-15 02:28:52 INFO  [] [] Spring Data Redis - Could not safely identify store assignment for repository candidate interface com.example.demo.repo.Sale_DetailRepo; If you want this repository to be a Redis repository, consider annotating your entities with one of these annotations: org.springframework.data.redis.core.RedisHash (preferred), or consider extending one of the following types with your repository: org.springframework.data.keyvalue.repository.KeyValueRepository
2025-10-15 02:28:52 INFO  [] [] Spring Data Redis - Could not safely identify store assignment for repository candidate interface com.example.demo.repo.Sale_InvoiceRepo; If you want this repository to be a Redis repository, consider annotating your entities with one of these annotations: org.springframework.data.redis.core.RedisHash (preferred), or consider extending one of the following types with your repository: org.springframework.data.keyvalue.repository.KeyValueRepository
2025-10-15 02:28:52 INFO  [] [] Finished Spring Data repository scanning in 29 ms. Found 0 Redis repository interfaces.
2025-10-15 02:28:52 INFO  [] [] Tomcat initialized with port 8080 (http)
2025-10-15 02:28:52 INFO  [] [] Starting service [Tomcat]
2025-10-15 02:28:52 INFO  [] [] Starting Servlet engine: [Apache Tomcat/10.1.44]
2025-10-15 02:28:53 INFO  [] [] Initializing Spring embedded WebApplicationContext
2025-10-15 02:28:53 INFO  [] [] Root WebApplicationContext: initialization completed in 2334 ms
2025-10-15 02:28:53 INFO  [] [] HHH000204: Processing PersistenceUnitInfo [name: default]
2025-10-15 02:28:53 INFO  [] [] HHH000412: Hibernate ORM core version 6.6.26.Final
2025-10-15 02:28:53 INFO  [] [] HHH000026: Second-level cache disabled
2025-10-15 02:28:54 INFO  [] [] No LoadTimeWeaver setup: ignoring JPA class transformer
2025-10-15 02:28:54 INFO  [] [] HikariPool-1 - Starting...
2025-10-15 02:28:54 INFO  [] [] HikariPool-1 - Added connection org.postgresql.jdbc.PgConnection@a6dffdb
2025-10-15 02:28:54 INFO  [] [] HikariPool-1 - Start completed.
2025-10-15 02:28:54 INFO  [] [] HHH10001005: Database info:
	Database JDBC URL [Connecting through datasource 'HikariDataSource (HikariPool-1)']
	Database driver: undefined/unknown
	Database version: 15.14
	Autocommit mode: undefined/unknown
	Isolation level: undefined/unknown
	Minimum pool size: undefined/unknown
	Maximum pool size: undefined/unknown
2025-10-15 02:28:55 INFO  [] [] HHH000489: No JTA platform available (set 'hibernate.transaction.jta.platform' to enable JTA platform integration)
2025-10-15 02:28:55 INFO  [] [] Initialized JPA EntityManagerFactory for persistence unit 'default'
2025-10-15 02:28:56 INFO  [] [] Hibernate is in classpath; If applicable, HQL parser will be used.
2025-10-15 02:28:57 WARN  [] [] spring.jpa.open-in-view is enabled by default. Therefore, database queries may be performed during view rendering. Explicitly configure spring.jpa.open-in-view to disable this warning
2025-10-15 02:28:58 INFO  [] [] Tomcat started on port 8080 (http) with context path '/'
2025-10-15 02:28:58 INFO  [] [] Started PrjmlkApplication in 8.496 seconds (process running for 9.702)
2025-10-15 02:29:10 INFO  [] [] Initializing Spring DispatcherServlet 'dispatcherServlet'
2025-10-15 02:29:10 INFO  [] [] Initializing Servlet 'dispatcherServlet'
2025-10-15 02:29:10 INFO  [] [] Completed initialization in 3 ms
2025-10-15 02:29:10 INFO  [5724351b-fd52-4ea4-aa20-7ac385ebf183] [] Incoming request: method=POST, uri=/sale_detail, X-REQUEST-ID=5724351b-fd52-4ea4-aa20-7ac385ebf183, signature=null
2025-10-15 02:29:11 INFO  [5724351b-fd52-4ea4-aa20-7ac385ebf183] [] Completed request: status=200, duration=957ms
2025-10-15 02:29:34 INFO  [d8b3c11e-6b1a-4ba6-8c93-0771be3b26c2] [] Incoming request: method=POST, uri=/sale_detail, X-REQUEST-ID=d8b3c11e-6b1a-4ba6-8c93-0771be3b26c2, signature=null
2025-10-15 02:29:34 INFO  [d8b3c11e-6b1a-4ba6-8c93-0771be3b26c2] [] Completed request: status=200, duration=67ms
2025-10-15 02:29:45 INFO  [7f0234ea-abf5-4d88-8ca6-79e1b93c1e56] [] Incoming request: method=GET, uri=/sale_detail/saleInvoice/1, X-REQUEST-ID=7f0234ea-abf5-4d88-8ca6-79e1b93c1e56, signature=null
2025-10-15 02:29:45 INFO  [7f0234ea-abf5-4d88-8ca6-79e1b93c1e56] [] Completed request: status=200, duration=25ms
2025-10-15 02:46:47 INFO  [] [] Commencing graceful shutdown. Waiting for active requests to complete
2025-10-15 02:46:47 INFO  [] [] Graceful shutdown complete
2025-10-15 02:46:47 INFO  [] [] Closing JPA EntityManagerFactory for persistence unit 'default'
2025-10-15 02:46:47 INFO  [] [] HikariPool-1 - Shutdown initiated...
2025-10-15 02:46:47 INFO  [] [] HikariPool-1 - Shutdown completed.
2025-10-15 02:46:52 INFO  [] [] Starting PrjmlkApplication using Java 17.0.12 with PID 3700 (E:\ProjectSPB\demo\out\production\classes started by Acer in E:\ProjectSPB\demo)
2025-10-15 02:46:52 INFO  [] [] No active profile set, falling back to 1 default profile: "default"
2025-10-15 02:46:53 INFO  [] [] Multiple Spring Data modules found, entering strict repository configuration mode
2025-10-15 02:46:53 INFO  [] [] Bootstrapping Spring Data JPA repositories in DEFAULT mode.
2025-10-15 02:46:53 INFO  [] [] Finished Spring Data repository scanning in 119 ms. Found 13 JPA repository interfaces.
2025-10-15 02:46:53 INFO  [] [] Multiple Spring Data modules found, entering strict repository configuration mode
2025-10-15 02:46:53 INFO  [] [] Bootstrapping Spring Data Redis repositories in DEFAULT mode.
2025-10-15 02:46:53 INFO  [] [] Spring Data Redis - Could not safely identify store assignment for repository candidate interface com.example.demo.repo.AccountRepo; If you want this repository to be a Redis repository, consider annotating your entities with one of these annotations: org.springframework.data.redis.core.RedisHash (preferred), or consider extending one of the following types with your repository: org.springframework.data.keyvalue.repository.KeyValueRepository
2025-10-15 02:46:53 INFO  [] [] Spring Data Redis - Could not safely identify store assignment for repository candidate interface com.example.demo.repo.BrandRepo; If you want this repository to be a Redis repository, consider annotating your entities with one of these annotations: org.springframework.data.redis.core.RedisHash (preferred), or consider extending one of the following types with your repository: org.springframework.data.keyvalue.repository.KeyValueRepository
2025-10-15 02:46:53 INFO  [] [] Spring Data Redis - Could not safely identify store assignment for repository candidate interface com.example.demo.repo.CategoryRepo; If you want this repository to be a Redis repository, consider annotating your entities with one of these annotations: org.springframework.data.redis.core.RedisHash (preferred), or consider extending one of the following types with your repository: org.springframework.data.keyvalue.repository.KeyValueRepository
2025-10-15 02:46:53 INFO  [] [] Spring Data Redis - Could not safely identify store assignment for repository candidate interface com.example.demo.repo.CustomerRepo; If you want this repository to be a Redis repository, consider annotating your entities with one of these annotations: org.springframework.data.redis.core.RedisHash (preferred), or consider extending one of the following types with your repository: org.springframework.data.keyvalue.repository.KeyValueRepository
2025-10-15 02:46:53 INFO  [] [] Spring Data Redis - Could not safely identify store assignment for repository candidate interface com.example.demo.repo.DistributorRepo; If you want this repository to be a Redis repository, consider annotating your entities with one of these annotations: org.springframework.data.redis.core.RedisHash (preferred), or consider extending one of the following types with your repository: org.springframework.data.keyvalue.repository.KeyValueRepository
2025-10-15 02:46:53 INFO  [] [] Spring Data Redis - Could not safely identify store assignment for repository candidate interface com.example.demo.repo.ImageRepo; If you want this repository to be a Redis repository, consider annotating your entities with one of these annotations: org.springframework.data.redis.core.RedisHash (preferred), or consider extending one of the following types with your repository: org.springframework.data.keyvalue.repository.KeyValueRepository
2025-10-15 02:46:53 INFO  [] [] Spring Data Redis - Could not safely identify store assignment for repository candidate interface com.example.demo.repo.Import_DetailRepo; If you want this repository to be a Redis repository, consider annotating your entities with one of these annotations: org.springframework.data.redis.core.RedisHash (preferred), or consider extending one of the following types with your repository: org.springframework.data.keyvalue.repository.KeyValueRepository
2025-10-15 02:46:53 INFO  [] [] Spring Data Redis - Could not safely identify store assignment for repository candidate interface com.example.demo.repo.Import_InvoiceRepo; If you want this repository to be a Redis repository, consider annotating your entities with one of these annotations: org.springframework.data.redis.core.RedisHash (preferred), or consider extending one of the following types with your repository: org.springframework.data.keyvalue.repository.KeyValueRepository
2025-10-15 02:46:53 INFO  [] [] Spring Data Redis - Could not safely identify store assignment for repository candidate interface com.example.demo.repo.InventoryRepo; If you want this repository to be a Redis repository, consider annotating your entities with one of these annotations: org.springframework.data.redis.core.RedisHash (preferred), or consider extending one of the following types with your repository: org.springframework.data.keyvalue.repository.KeyValueRepository
2025-10-15 02:46:53 INFO  [] [] Spring Data Redis - Could not safely identify store assignment for repository candidate interface com.example.demo.repo.ProductRepo; If you want this repository to be a Redis repository, consider annotating your entities with one of these annotations: org.springframework.data.redis.core.RedisHash (preferred), or consider extending one of the following types with your repository: org.springframework.data.keyvalue.repository.KeyValueRepository
2025-10-15 02:46:53 INFO  [] [] Spring Data Redis - Could not safely identify store assignment for repository candidate interface com.example.demo.repo.PromotionRepo; If you want this repository to be a Redis repository, consider annotating your entities with one of these annotations: org.springframework.data.redis.core.RedisHash (preferred), or consider extending one of the following types with your repository: org.springframework.data.keyvalue.repository.KeyValueRepository
2025-10-15 02:46:53 INFO  [] [] Spring Data Redis - Could not safely identify store assignment for repository candidate interface com.example.demo.repo.Sale_DetailRepo; If you want this repository to be a Redis repository, consider annotating your entities with one of these annotations: org.springframework.data.redis.core.RedisHash (preferred), or consider extending one of the following types with your repository: org.springframework.data.keyvalue.repository.KeyValueRepository
2025-10-15 02:46:53 INFO  [] [] Spring Data Redis - Could not safely identify store assignment for repository candidate interface com.example.demo.repo.Sale_InvoiceRepo; If you want this repository to be a Redis repository, consider annotating your entities with one of these annotations: org.springframework.data.redis.core.RedisHash (preferred), or consider extending one of the following types with your repository: org.springframework.data.keyvalue.repository.KeyValueRepository
2025-10-15 02:46:53 INFO  [] [] Finished Spring Data repository scanning in 15 ms. Found 0 Redis repository interfaces.
2025-10-15 02:46:53 INFO  [] [] Tomcat initialized with port 8080 (http)
2025-10-15 02:46:53 INFO  [] [] Starting service [Tomcat]
2025-10-15 02:46:53 INFO  [] [] Starting Servlet engine: [Apache Tomcat/10.1.44]
2025-10-15 02:46:53 INFO  [] [] Initializing Spring embedded WebApplicationContext
2025-10-15 02:46:53 INFO  [] [] Root WebApplicationContext: initialization completed in 1283 ms
2025-10-15 02:46:54 INFO  [] [] HHH000204: Processing PersistenceUnitInfo [name: default]
2025-10-15 02:46:54 INFO  [] [] HHH000412: Hibernate ORM core version 6.6.26.Final
2025-10-15 02:46:54 INFO  [] [] HHH000026: Second-level cache disabled
2025-10-15 02:46:54 INFO  [] [] No LoadTimeWeaver setup: ignoring JPA class transformer
2025-10-15 02:46:54 INFO  [] [] HikariPool-1 - Starting...
2025-10-15 02:46:54 INFO  [] [] HikariPool-1 - Added connection org.postgresql.jdbc.PgConnection@58ec8271
2025-10-15 02:46:54 INFO  [] [] HikariPool-1 - Start completed.
2025-10-15 02:46:54 INFO  [] [] HHH10001005: Database info:
	Database JDBC URL [Connecting through datasource 'HikariDataSource (HikariPool-1)']
	Database driver: undefined/unknown
	Database version: 15.14
	Autocommit mode: undefined/unknown
	Isolation level: undefined/unknown
	Minimum pool size: undefined/unknown
	Maximum pool size: undefined/unknown
2025-10-15 02:46:55 INFO  [] [] HHH000489: No JTA platform available (set 'hibernate.transaction.jta.platform' to enable JTA platform integration)
2025-10-15 02:46:55 INFO  [] [] Initialized JPA EntityManagerFactory for persistence unit 'default'
2025-10-15 02:46:55 INFO  [] [] Hibernate is in classpath; If applicable, HQL parser will be used.
2025-10-15 02:46:56 WARN  [] [] spring.jpa.open-in-view is enabled by default. Therefore, database queries may be performed during view rendering. Explicitly configure spring.jpa.open-in-view to disable this warning
2025-10-15 02:46:56 INFO  [] [] Tomcat started on port 8080 (http) with context path '/'
2025-10-15 02:46:56 INFO  [] [] Started PrjmlkApplication in 5.033 seconds (process running for 5.691)
2025-10-15 02:47:05 INFO  [] [] Initializing Spring DispatcherServlet 'dispatcherServlet'
2025-10-15 02:47:05 INFO  [] [] Initializing Servlet 'dispatcherServlet'
2025-10-15 02:47:05 INFO  [] [] Completed initialization in 1 ms
2025-10-15 02:47:05 INFO  [1fa31abf-fa75-42aa-a509-de1611aca75d] [] Incoming request: method=DELETE, uri=/sale_invoice/1, X-REQUEST-ID=1fa31abf-fa75-42aa-a509-de1611aca75d, signature=null
2025-10-15 02:47:05 WARN  [1fa31abf-fa75-42aa-a509-de1611aca75d] [] Resolved [org.springframework.web.HttpRequestMethodNotSupportedException: Request method 'DELETE' is not supported]
2025-10-15 02:47:05 INFO  [1fa31abf-fa75-42aa-a509-de1611aca75d] [] Completed request: status=405, duration=14ms
2025-10-15 02:49:29 INFO  [] [] Commencing graceful shutdown. Waiting for active requests to complete
2025-10-15 02:49:29 INFO  [] [] Graceful shutdown complete
2025-10-15 02:49:29 INFO  [] [] Closing JPA EntityManagerFactory for persistence unit 'default'
2025-10-15 02:49:29 INFO  [] [] HikariPool-1 - Shutdown initiated...
2025-10-15 02:49:29 INFO  [] [] HikariPool-1 - Shutdown completed.
2025-10-15 02:49:33 INFO  [] [] Starting PrjmlkApplication using Java 17.0.12 with PID 5924 (E:\ProjectSPB\demo\out\production\classes started by Acer in E:\ProjectSPB\demo)
2025-10-15 02:49:33 INFO  [] [] No active profile set, falling back to 1 default profile: "default"
2025-10-15 02:49:34 INFO  [] [] Multiple Spring Data modules found, entering strict repository configuration mode
2025-10-15 02:49:34 INFO  [] [] Bootstrapping Spring Data JPA repositories in DEFAULT mode.
2025-10-15 02:49:34 INFO  [] [] Finished Spring Data repository scanning in 111 ms. Found 13 JPA repository interfaces.
2025-10-15 02:49:34 INFO  [] [] Multiple Spring Data modules found, entering strict repository configuration mode
2025-10-15 02:49:34 INFO  [] [] Bootstrapping Spring Data Redis repositories in DEFAULT mode.
2025-10-15 02:49:34 INFO  [] [] Spring Data Redis - Could not safely identify store assignment for repository candidate interface com.example.demo.repo.AccountRepo; If you want this repository to be a Redis repository, consider annotating your entities with one of these annotations: org.springframework.data.redis.core.RedisHash (preferred), or consider extending one of the following types with your repository: org.springframework.data.keyvalue.repository.KeyValueRepository
2025-10-15 02:49:34 INFO  [] [] Spring Data Redis - Could not safely identify store assignment for repository candidate interface com.example.demo.repo.BrandRepo; If you want this repository to be a Redis repository, consider annotating your entities with one of these annotations: org.springframework.data.redis.core.RedisHash (preferred), or consider extending one of the following types with your repository: org.springframework.data.keyvalue.repository.KeyValueRepository
2025-10-15 02:49:34 INFO  [] [] Spring Data Redis - Could not safely identify store assignment for repository candidate interface com.example.demo.repo.CategoryRepo; If you want this repository to be a Redis repository, consider annotating your entities with one of these annotations: org.springframework.data.redis.core.RedisHash (preferred), or consider extending one of the following types with your repository: org.springframework.data.keyvalue.repository.KeyValueRepository
2025-10-15 02:49:34 INFO  [] [] Spring Data Redis - Could not safely identify store assignment for repository candidate interface com.example.demo.repo.CustomerRepo; If you want this repository to be a Redis repository, consider annotating your entities with one of these annotations: org.springframework.data.redis.core.RedisHash (preferred), or consider extending one of the following types with your repository: org.springframework.data.keyvalue.repository.KeyValueRepository
2025-10-15 02:49:34 INFO  [] [] Spring Data Redis - Could not safely identify store assignment for repository candidate interface com.example.demo.repo.DistributorRepo; If you want this repository to be a Redis repository, consider annotating your entities with one of these annotations: org.springframework.data.redis.core.RedisHash (preferred), or consider extending one of the following types with your repository: org.springframework.data.keyvalue.repository.KeyValueRepository
2025-10-15 02:49:34 INFO  [] [] Spring Data Redis - Could not safely identify store assignment for repository candidate interface com.example.demo.repo.ImageRepo; If you want this repository to be a Redis repository, consider annotating your entities with one of these annotations: org.springframework.data.redis.core.RedisHash (preferred), or consider extending one of the following types with your repository: org.springframework.data.keyvalue.repository.KeyValueRepository
2025-10-15 02:49:34 INFO  [] [] Spring Data Redis - Could not safely identify store assignment for repository candidate interface com.example.demo.repo.Import_DetailRepo; If you want this repository to be a Redis repository, consider annotating your entities with one of these annotations: org.springframework.data.redis.core.RedisHash (preferred), or consider extending one of the following types with your repository: org.springframework.data.keyvalue.repository.KeyValueRepository
2025-10-15 02:49:34 INFO  [] [] Spring Data Redis - Could not safely identify store assignment for repository candidate interface com.example.demo.repo.Import_InvoiceRepo; If you want this repository to be a Redis repository, consider annotating your entities with one of these annotations: org.springframework.data.redis.core.RedisHash (preferred), or consider extending one of the following types with your repository: org.springframework.data.keyvalue.repository.KeyValueRepository
2025-10-15 02:49:34 INFO  [] [] Spring Data Redis - Could not safely identify store assignment for repository candidate interface com.example.demo.repo.InventoryRepo; If you want this repository to be a Redis repository, consider annotating your entities with one of these annotations: org.springframework.data.redis.core.RedisHash (preferred), or consider extending one of the following types with your repository: org.springframework.data.keyvalue.repository.KeyValueRepository
2025-10-15 02:49:34 INFO  [] [] Spring Data Redis - Could not safely identify store assignment for repository candidate interface com.example.demo.repo.ProductRepo; If you want this repository to be a Redis repository, consider annotating your entities with one of these annotations: org.springframework.data.redis.core.RedisHash (preferred), or consider extending one of the following types with your repository: org.springframework.data.keyvalue.repository.KeyValueRepository
2025-10-15 02:49:34 INFO  [] [] Spring Data Redis - Could not safely identify store assignment for repository candidate interface com.example.demo.repo.PromotionRepo; If you want this repository to be a Redis repository, consider annotating your entities with one of these annotations: org.springframework.data.redis.core.RedisHash (preferred), or consider extending one of the following types with your repository: org.springframework.data.keyvalue.repository.KeyValueRepository
2025-10-15 02:49:34 INFO  [] [] Spring Data Redis - Could not safely identify store assignment for repository candidate interface com.example.demo.repo.Sale_DetailRepo; If you want this repository to be a Redis repository, consider annotating your entities with one of these annotations: org.springframework.data.redis.core.RedisHash (preferred), or consider extending one of the following types with your repository: org.springframework.data.keyvalue.repository.KeyValueRepository
2025-10-15 02:49:34 INFO  [] [] Spring Data Redis - Could not safely identify store assignment for repository candidate interface com.example.demo.repo.Sale_InvoiceRepo; If you want this repository to be a Redis repository, consider annotating your entities with one of these annotations: org.springframework.data.redis.core.RedisHash (preferred), or consider extending one of the following types with your repository: org.springframework.data.keyvalue.repository.KeyValueRepository
2025-10-15 02:49:34 INFO  [] [] Finished Spring Data repository scanning in 14 ms. Found 0 Redis repository interfaces.
2025-10-15 02:49:34 INFO  [] [] Tomcat initialized with port 8080 (http)
2025-10-15 02:49:34 INFO  [] [] Starting service [Tomcat]
2025-10-15 02:49:34 INFO  [] [] Starting Servlet engine: [Apache Tomcat/10.1.44]
2025-10-15 02:49:34 INFO  [] [] Initializing Spring embedded WebApplicationContext
2025-10-15 02:49:34 INFO  [] [] Root WebApplicationContext: initialization completed in 1190 ms
2025-10-15 02:49:34 INFO  [] [] HHH000204: Processing PersistenceUnitInfo [name: default]
2025-10-15 02:49:34 INFO  [] [] HHH000412: Hibernate ORM core version 6.6.26.Final
2025-10-15 02:49:34 INFO  [] [] HHH000026: Second-level cache disabled
2025-10-15 02:49:35 INFO  [] [] No LoadTimeWeaver setup: ignoring JPA class transformer
2025-10-15 02:49:35 INFO  [] [] HikariPool-1 - Starting...
2025-10-15 02:49:35 INFO  [] [] HikariPool-1 - Added connection org.postgresql.jdbc.PgConnection@5c41b8d8
2025-10-15 02:49:35 INFO  [] [] HikariPool-1 - Start completed.
2025-10-15 02:49:35 INFO  [] [] HHH10001005: Database info:
	Database JDBC URL [Connecting through datasource 'HikariDataSource (HikariPool-1)']
	Database driver: undefined/unknown
	Database version: 15.14
	Autocommit mode: undefined/unknown
	Isolation level: undefined/unknown
	Minimum pool size: undefined/unknown
	Maximum pool size: undefined/unknown
2025-10-15 02:49:36 INFO  [] [] HHH000489: No JTA platform available (set 'hibernate.transaction.jta.platform' to enable JTA platform integration)
2025-10-15 02:49:36 INFO  [] [] Initialized JPA EntityManagerFactory for persistence unit 'default'
2025-10-15 02:49:36 INFO  [] [] Hibernate is in classpath; If applicable, HQL parser will be used.
2025-10-15 02:49:37 WARN  [] [] spring.jpa.open-in-view is enabled by default. Therefore, database queries may be performed during view rendering. Explicitly configure spring.jpa.open-in-view to disable this warning
2025-10-15 02:49:37 INFO  [] [] Tomcat started on port 8080 (http) with context path '/'
2025-10-15 02:49:37 INFO  [] [] Started PrjmlkApplication in 4.699 seconds (process running for 5.203)
2025-10-15 02:50:14 INFO  [] [] Commencing graceful shutdown. Waiting for active requests to complete
2025-10-15 02:50:15 INFO  [] [] Graceful shutdown complete
2025-10-15 02:50:15 INFO  [] [] Closing JPA EntityManagerFactory for persistence unit 'default'
2025-10-15 02:50:15 INFO  [] [] HikariPool-1 - Shutdown initiated...
2025-10-15 02:50:15 INFO  [] [] HikariPool-1 - Shutdown completed.
